<?xml version="1.0" encoding="UTF-8"?>
<!-- Generated by org.testng.reporters.JUnitXMLReporter -->
<testsuite ignored="0" hostname="DESKTOP-4SJ7EB6" failures="0" tests="3" name="Test" time="65.598" errors="0" timestamp="2023-07-26T14:52:46 IST">
  <testcase classname="eCommarceProject.Amazon" name="amazontest" time="25.297"/>
  <testcase classname="eCommarceProject.Flipkart" name="flipkarttest" time="17.105"/>
  <testcase classname="eCommarceProject.Ajio" name="ajiotest" time="23.079"/>
</testsuite> <!-- Test -->
