<?xml version="1.0" encoding="UTF-8"?>
<testng-results ignored="0" total="3" passed="3" failed="0" skipped="0">
  <reporter-output>
    <line>
      <![CDATA[opening amazon]]>
    </line>
    <line>
      <![CDATA[opening flipkart]]>
    </line>
    <line>
      <![CDATA[opening ajio]]>
    </line>
  </reporter-output>
  <suite started-at="2023-07-26T14:51:40 IST" name="Suite" finished-at="2023-07-26T14:52:46 IST" duration-ms="65598">
    <groups>
    </groups>
    <test started-at="2023-07-26T14:51:40 IST" name="Test" finished-at="2023-07-26T14:52:46 IST" duration-ms="65598">
      <class name="eCommarceProject.Ajio">
        <test-method signature="ajiotest()[pri:0, instance:eCommarceProject.Ajio@6c64cb25]" started-at="2023-07-26T14:52:23 IST" name="ajiotest" finished-at="2023-07-26T14:52:46 IST" duration-ms="23079" status="PASS">
          <reporter-output>
            <line>
              <![CDATA[opening ajio]]>
            </line>
          </reporter-output>
        </test-method> <!-- ajiotest -->
      </class> <!-- eCommarceProject.Ajio -->
      <class name="eCommarceProject.Amazon">
        <test-method signature="amazontest()[pri:0, instance:eCommarceProject.Amazon@7ec7ffd3]" started-at="2023-07-26T14:51:40 IST" name="amazontest" finished-at="2023-07-26T14:52:06 IST" duration-ms="25297" status="PASS">
          <reporter-output>
            <line>
              <![CDATA[opening amazon]]>
            </line>
          </reporter-output>
        </test-method> <!-- amazontest -->
      </class> <!-- eCommarceProject.Amazon -->
      <class name="eCommarceProject.Flipkart">
        <test-method signature="flipkarttest()[pri:0, instance:eCommarceProject.Flipkart@245b4bdc]" started-at="2023-07-26T14:52:06 IST" name="flipkarttest" finished-at="2023-07-26T14:52:23 IST" duration-ms="17105" status="PASS">
          <reporter-output>
            <line>
              <![CDATA[opening flipkart]]>
            </line>
          </reporter-output>
        </test-method> <!-- flipkarttest -->
      </class> <!-- eCommarceProject.Flipkart -->
    </test> <!-- Test -->
  </suite> <!-- Suite -->
</testng-results>
